2014-04-08 21:54:19.372 HelloCordova[44196:80b] Multi-tasking -> Device: YES, App: YES
2014-04-08 21:54:19.378 HelloCordova[44196:80b] Unlimited access to network resources
2014-04-08 21:54:19.409 HelloCordova[44196:80b] [CDVTimer][statusbar] 13.622999ms
2014-04-08 21:54:19.409 HelloCordova[44196:80b] [CDVTimer][TotalPluginStartup] 14.024973ms
2014-04-08 21:54:19.514 HelloCordova[44196:80b] Resetting plugins due to page load.
2014-04-08 21:54:19.734 HelloCordova[44196:80b] Finished load of: file:///Users/Sandler/Library/Application%20Support/iPhone%20Simulator/7.0.3/Applications/72EF357D-6542-4E21-8D7D-79FE4FAFA68E/HelloCordova.app/www/index.html#/app/playlists
2014-04-08 22:39:55.368 HelloCordova[44780:80b] Multi-tasking -> Device: YES, App: YES
2014-04-08 22:39:55.376 HelloCordova[44780:80b] Unlimited access to network resources
2014-04-08 22:39:55.429 HelloCordova[44780:80b] [CDVTimer][statusbar] 33.665955ms
2014-04-08 22:39:55.429 HelloCordova[44780:80b] [CDVTimer][TotalPluginStartup] 34.192979ms
2014-04-08 22:39:55.543 HelloCordova[44780:80b] Resetting plugins due to page load.
2014-04-08 22:39:55.777 HelloCordova[44780:80b] Finished load of: file:///Users/Sandler/Library/Application%20Support/iPhone%20Simulator/7.0.3/Applications/72EF357D-6542-4E21-8D7D-79FE4FAFA68E/HelloCordova.app/www/index.html#/app/playlists
2014-04-08 22:50:25.269 HelloCordova[44952:80b] Multi-tasking -> Device: YES, App: YES
2014-04-08 22:50:25.277 HelloCordova[44952:80b] Unlimited access to network resources
2014-04-08 22:50:25.301 HelloCordova[44952:80b] [CDVTimer][statusbar] 7.310033ms
2014-04-08 22:50:25.301 HelloCordova[44952:80b] [CDVTimer][TotalPluginStartup] 7.793009ms
2014-04-08 22:50:25.333 HelloCordova[44952:80b] Resetting plugins due to page load.
2014-04-08 22:50:25.431 HelloCordova[44952:80b] Finished load of: file:///Users/Sandler/Library/Application%20Support/iPhone%20Simulator/7.0.3/Applications/72EF357D-6542-4E21-8D7D-79FE4FAFA68E/HelloCordova.app/www/index.html#/app/playlists
2014-04-08 22:50:51.905 HelloCordova[45246:80b] Multi-tasking -> Device: YES, App: YES
2014-04-08 22:50:51.911 HelloCordova[45246:80b] Unlimited access to network resources
2014-04-08 22:50:51.936 HelloCordova[45246:80b] [CDVTimer][statusbar] 7.263005ms
2014-04-08 22:50:51.937 HelloCordova[45246:80b] [CDVTimer][TotalPluginStartup] 7.786989ms
2014-04-08 22:50:51.972 HelloCordova[45246:80b] Resetting plugins due to page load.
2014-04-08 22:50:52.077 HelloCordova[45246:80b] Finished load of: file:///Users/Sandler/Library/Application%20Support/iPhone%20Simulator/7.0.3/Applications/72EF357D-6542-4E21-8D7D-79FE4FAFA68E/HelloCordova.app/www/index.html#/app/playlists
2014-04-08 22:54:51.086 HelloCordova[45545:80b] Multi-tasking -> Device: YES, App: YES
2014-04-08 22:54:51.094 HelloCordova[45545:80b] Unlimited access to network resources
2014-04-08 22:54:51.118 HelloCordova[45545:80b] [CDVTimer][statusbar] 6.726980ms
2014-04-08 22:54:51.118 HelloCordova[45545:80b] [CDVTimer][TotalPluginStartup] 7.112980ms
2014-04-08 22:54:51.151 HelloCordova[45545:80b] Resetting plugins due to page load.
2014-04-08 22:54:51.258 HelloCordova[45545:80b] Finished load of: file:///Users/Sandler/Library/Application%20Support/iPhone%20Simulator/7.0.3/Applications/72EF357D-6542-4E21-8D7D-79FE4FAFA68E/HelloCordova.app/www/index.html#/app/playlists
2014-04-08 23:11:39.127 HelloCordova[45889:80b] Multi-tasking -> Device: YES, App: YES
2014-04-08 23:11:39.134 HelloCordova[45889:80b] Unlimited access to network resources
2014-04-08 23:11:39.159 HelloCordova[45889:80b] [CDVTimer][statusbar] 7.250011ms
2014-04-08 23:11:39.159 HelloCordova[45889:80b] [CDVTimer][TotalPluginStartup] 7.649004ms
2014-04-08 23:11:39.189 HelloCordova[45889:80b] Resetting plugins due to page load.
2014-04-08 23:11:39.301 HelloCordova[45889:80b] Finished load of: file:///Users/Sandler/Library/Application%20Support/iPhone%20Simulator/7.0.3/Applications/72EF357D-6542-4E21-8D7D-79FE4FAFA68E/HelloCordova.app/www/index.html#/app/playlists
2014-04-08 23:24:06.970 HelloCordova[46215:80b] Multi-tasking -> Device: YES, App: YES
2014-04-08 23:24:06.977 HelloCordova[46215:80b] Unlimited access to network resources
2014-04-08 23:24:07.006 HelloCordova[46215:80b] [CDVTimer][statusbar] 10.788977ms
2014-04-08 23:24:07.007 HelloCordova[46215:80b] [CDVTimer][TotalPluginStartup] 11.238039ms
2014-04-08 23:24:07.078 HelloCordova[46215:80b] Resetting plugins due to page load.
2014-04-08 23:24:07.179 HelloCordova[46215:80b] Finished load of: file:///Users/Sandler/Library/Application%20Support/iPhone%20Simulator/7.0.3/Applications/72EF357D-6542-4E21-8D7D-79FE4FAFA68E/HelloCordova.app/www/index.html#/app/playlists
2014-04-08 23:38:53.309 HelloCordova[46563:80b] Multi-tasking -> Device: YES, App: YES
2014-04-08 23:38:53.319 HelloCordova[46563:80b] Unlimited access to network resources
2014-04-08 23:38:53.349 HelloCordova[46563:80b] [CDVTimer][statusbar] 9.956956ms
2014-04-08 23:38:53.350 HelloCordova[46563:80b] [CDVTimer][TotalPluginStartup] 10.439992ms
2014-04-08 23:38:53.415 HelloCordova[46563:80b] Resetting plugins due to page load.
2014-04-08 23:38:53.725 HelloCordova[46563:80b] Finished load of: file:///Users/Sandler/Library/Application%20Support/iPhone%20Simulator/7.0.3/Applications/72EF357D-6542-4E21-8D7D-79FE4FAFA68E/HelloCordova.app/www/index.html#/app/home
2014-05-08 03:55:41.045 HelloCordova[5051:80b] Multi-tasking -> Device: YES, App: YES
2014-05-08 03:55:41.095 HelloCordova[5051:80b] Unlimited access to network resources
2014-05-08 03:55:41.490 HelloCordova[5051:80b] [CDVTimer][statusbar] 65.101981ms
2014-05-08 03:55:41.491 HelloCordova[5051:80b] [CDVTimer][TotalPluginStartup] 65.613985ms
2014-05-08 03:55:41.642 HelloCordova[5051:80b] Resetting plugins due to page load.
2014-05-08 03:55:41.883 HelloCordova[5051:80b] Finished load of: file:///Users/Sandler/Library/Application%20Support/iPhone%20Simulator/7.0.3/Applications/72EF357D-6542-4E21-8D7D-79FE4FAFA68E/HelloCordova.app/www/index.html
Terminating in response to SpringBoard's termination.
